<?xml version="1.0" encoding="UTF-8"?>
<!-- Generated by org.testng.reporters.JUnitXMLReporter -->
<testsuite hostname="DESKTOP-4LAGA66" ignored="0" name="BankingApp Test" tests="2" failures="0" timestamp="18 Aug 2019 13:26:24 GMT" time="47.674" errors="0">
  <testcase name="logintest" time="8.768" classname="com.testbanking.TestCases.Logintest_001"/>
  <testcase name="addNewCustomer" time="19.141" classname="com.testbanking.TestCases.TC_AddCustomerTest_003"/>
</testsuite> <!-- BankingApp Test -->
