<?xml version="1.0" encoding="UTF-8"?>
<!-- Generated by org.testng.reporters.JUnitXMLReporter -->
<testsuite ignored="0" hostname="DESKTOP-4LAGA66" failures="0" tests="2" name="BankingApp Test" time="67.813" errors="0" timestamp="15 Aug 2019 09:56:51 GMT">
  <testcase classname="com.testbanking.TestCases.Logintest_001" name="logintest" time="13.867"/>
  <testcase classname="com.testbanking.TestCases.TC_AddCustomerTest_003" name="addNewCustomer" time="24.889"/>
</testsuite> <!-- BankingApp Test -->
