<?xml version="1.0" encoding="UTF-8"?>
<testng-results skipped="0" failed="0" ignored="0" total="2" passed="2">
  <reporter-output>
  </reporter-output>
  <suite name="testbanking" duration-ms="47674" started-at="2019-08-18T13:25:36Z" finished-at="2019-08-18T13:26:24Z">
    <groups>
    </groups>
    <test name="BankingApp Test" duration-ms="47674" started-at="2019-08-18T13:25:36Z" finished-at="2019-08-18T13:26:24Z">
      <class name="com.testbanking.TestCases.TC_AddCustomerTest_003">
        <test-method status="PASS" signature="setup(java.lang.String)[pri:0, instance:com.testbanking.TestCases.TC_AddCustomerTest_003@3d24753a]" name="setup" is-config="true" duration-ms="8550" started-at="2019-08-18T13:25:56Z" finished-at="2019-08-18T13:26:04Z">
          <params>
            <param index="0">
              <value>
                <![CDATA[chrome]]>
              </value>
            </param>
          </params>
          <reporter-output>
          </reporter-output>
        </test-method> <!-- setup -->
        <test-method status="PASS" signature="addNewCustomer()[pri:0, instance:com.testbanking.TestCases.TC_AddCustomerTest_003@3d24753a]" name="addNewCustomer" duration-ms="19141" started-at="2019-08-18T13:26:04Z" finished-at="2019-08-18T13:26:23Z">
          <reporter-output>
          </reporter-output>
        </test-method> <!-- addNewCustomer -->
        <test-method status="PASS" signature="teardown()[pri:0, instance:com.testbanking.TestCases.TC_AddCustomerTest_003@3d24753a]" name="teardown" is-config="true" duration-ms="788" started-at="2019-08-18T13:26:23Z" finished-at="2019-08-18T13:26:24Z">
          <reporter-output>
          </reporter-output>
        </test-method> <!-- teardown -->
      </class> <!-- com.testbanking.TestCases.TC_AddCustomerTest_003 -->
      <class name="com.testbanking.TestCases.Logintest_001">
        <test-method status="PASS" signature="setup(java.lang.String)[pri:0, instance:com.testbanking.TestCases.Logintest_001@7e0ea639]" name="setup" is-config="true" duration-ms="9324" started-at="2019-08-18T13:25:37Z" finished-at="2019-08-18T13:25:46Z">
          <params>
            <param index="0">
              <value>
                <![CDATA[chrome]]>
              </value>
            </param>
          </params>
          <reporter-output>
          </reporter-output>
        </test-method> <!-- setup -->
        <test-method status="PASS" signature="logintest()[pri:0, instance:com.testbanking.TestCases.Logintest_001@7e0ea639]" name="logintest" duration-ms="8768" started-at="2019-08-18T13:25:46Z" finished-at="2019-08-18T13:25:55Z">
          <reporter-output>
          </reporter-output>
        </test-method> <!-- logintest -->
        <test-method status="PASS" signature="teardown()[pri:0, instance:com.testbanking.TestCases.Logintest_001@7e0ea639]" name="teardown" is-config="true" duration-ms="832" started-at="2019-08-18T13:25:55Z" finished-at="2019-08-18T13:25:56Z">
          <reporter-output>
          </reporter-output>
        </test-method> <!-- teardown -->
      </class> <!-- com.testbanking.TestCases.Logintest_001 -->
    </test> <!-- BankingApp Test -->
  </suite> <!-- testbanking -->
</testng-results>
