<?xml version="1.0" encoding="UTF-8"?>
<testng-results ignored="0" total="2" passed="2" failed="0" skipped="0">
  <reporter-output>
  </reporter-output>
  <suite started-at="2019-08-15T09:55:43Z" name="testbanking" finished-at="2019-08-15T09:56:51Z" duration-ms="67813">
    <groups>
    </groups>
    <test started-at="2019-08-15T09:55:43Z" name="BankingApp Test" finished-at="2019-08-15T09:56:51Z" duration-ms="67813">
      <class name="com.testbanking.TestCases.TC_AddCustomerTest_003">
        <test-method is-config="true" signature="setup(java.lang.String)[pri:0, instance:com.testbanking.TestCases.TC_AddCustomerTest_003@6dde5c8c]" started-at="2019-08-15T09:56:15Z" name="setup" finished-at="2019-08-15T09:56:25Z" duration-ms="10148" status="PASS">
          <params>
            <param index="0">
              <value>
                <![CDATA[chrome]]>
              </value>
            </param>
          </params>
          <reporter-output>
          </reporter-output>
        </test-method> <!-- setup -->
        <test-method signature="addNewCustomer()[pri:0, instance:com.testbanking.TestCases.TC_AddCustomerTest_003@6dde5c8c]" started-at="2019-08-15T09:56:25Z" name="addNewCustomer" finished-at="2019-08-15T09:56:50Z" duration-ms="24889" status="PASS">
          <reporter-output>
          </reporter-output>
        </test-method> <!-- addNewCustomer -->
        <test-method is-config="true" signature="teardown()[pri:0, instance:com.testbanking.TestCases.TC_AddCustomerTest_003@6dde5c8c]" started-at="2019-08-15T09:56:50Z" name="teardown" finished-at="2019-08-15T09:56:51Z" duration-ms="1436" status="PASS">
          <reporter-output>
          </reporter-output>
        </test-method> <!-- teardown -->
      </class> <!-- com.testbanking.TestCases.TC_AddCustomerTest_003 -->
      <class name="com.testbanking.TestCases.Logintest_001">
        <test-method is-config="true" signature="setup(java.lang.String)[pri:0, instance:com.testbanking.TestCases.Logintest_001@6fb0d3ed]" started-at="2019-08-15T09:55:44Z" name="setup" finished-at="2019-08-15T09:56:00Z" duration-ms="16331" status="PASS">
          <params>
            <param index="0">
              <value>
                <![CDATA[chrome]]>
              </value>
            </param>
          </params>
          <reporter-output>
          </reporter-output>
        </test-method> <!-- setup -->
        <test-method signature="logintest()[pri:0, instance:com.testbanking.TestCases.Logintest_001@6fb0d3ed]" started-at="2019-08-15T09:56:00Z" name="logintest" finished-at="2019-08-15T09:56:14Z" duration-ms="13867" status="PASS">
          <reporter-output>
          </reporter-output>
        </test-method> <!-- logintest -->
        <test-method is-config="true" signature="teardown()[pri:0, instance:com.testbanking.TestCases.Logintest_001@6fb0d3ed]" started-at="2019-08-15T09:56:14Z" name="teardown" finished-at="2019-08-15T09:56:15Z" duration-ms="786" status="PASS">
          <reporter-output>
          </reporter-output>
        </test-method> <!-- teardown -->
      </class> <!-- com.testbanking.TestCases.Logintest_001 -->
    </test> <!-- BankingApp Test -->
  </suite> <!-- testbanking -->
</testng-results>
